{
 "cells": [
  {
   "cell_type": "code",
   "execution_count": 1,
   "id": "7b474667-2950-475b-8d80-018dfca8ee5f",
   "metadata": {},
   "outputs": [
    {
     "name": "stdout",
     "output_type": "stream",
     "text": [
      "Listening... Please speak clearly.\n",
      "Transcribing...\n",
      "Sorry, I could not understand the audio.\n"
     ]
    }
   ],
   "source": [
    "import speech_recognition as sr\n",
    "\n",
    "def transcribe_audio_from_mic():\n",
    "    recognizer = sr.Recognizer()\n",
    "    mic = sr.Microphone()\n",
    "\n",
    "    with mic as source:\n",
    "        print(\"Listening... Please speak clearly.\")\n",
    "        recognizer.adjust_for_ambient_noise(source)\n",
    "        audio = recognizer.listen(source)\n",
    "\n",
    "    try:\n",
    "        print(\"Transcribing...\")\n",
    "        text = recognizer.recognize_google(audio)\n",
    "        print(\"Transcription: \", text)\n",
    "    except sr.UnknownValueError:\n",
    "        print(\"Sorry, I could not understand the audio.\")\n",
    "    except sr.RequestError as e:\n",
    "        print(\"Error with the speech recognition service; {0}\".format(e))\n",
    "\n",
    "transcribe_audio_from_mic()\n"
   ]
  },
  {
   "cell_type": "code",
   "execution_count": null,
   "id": "59f5c9d5-bf6f-4a10-95b7-26872cc19f70",
   "metadata": {},
   "outputs": [],
   "source": []
  },
  {
   "cell_type": "code",
   "execution_count": 3,
   "id": "b7041d97-aee3-40fb-8a0d-61df1d4f242d",
   "metadata": {},
   "outputs": [
    {
     "name": "stdout",
     "output_type": "stream",
     "text": [
      "Requirement already satisfied: torch in c:\\users\\admin\\anaconda3\\lib\\site-packages (2.7.1)\n",
      "Collecting torchaudio\n",
      "  Downloading torchaudio-2.7.1-cp312-cp312-win_amd64.whl.metadata (6.6 kB)\n",
      "Requirement already satisfied: transformers in c:\\users\\admin\\anaconda3\\lib\\site-packages (4.53.2)\n",
      "Collecting librosa\n",
      "  Downloading librosa-0.11.0-py3-none-any.whl.metadata (8.7 kB)\n",
      "Collecting soundfile\n",
      "  Downloading soundfile-0.13.1-py2.py3-none-win_amd64.whl.metadata (16 kB)\n",
      "Requirement already satisfied: filelock in c:\\users\\admin\\anaconda3\\lib\\site-packages (from torch) (3.13.1)\n",
      "Requirement already satisfied: typing-extensions>=4.10.0 in c:\\users\\admin\\anaconda3\\lib\\site-packages (from torch) (4.11.0)\n",
      "Requirement already satisfied: sympy>=1.13.3 in c:\\users\\admin\\anaconda3\\lib\\site-packages (from torch) (1.14.0)\n",
      "Requirement already satisfied: networkx in c:\\users\\admin\\anaconda3\\lib\\site-packages (from torch) (3.3)\n",
      "Requirement already satisfied: jinja2 in c:\\users\\admin\\anaconda3\\lib\\site-packages (from torch) (3.1.4)\n",
      "Requirement already satisfied: fsspec in c:\\users\\admin\\anaconda3\\lib\\site-packages (from torch) (2024.6.1)\n",
      "Requirement already satisfied: setuptools in c:\\users\\admin\\anaconda3\\lib\\site-packages (from torch) (75.1.0)\n",
      "Requirement already satisfied: huggingface-hub<1.0,>=0.30.0 in c:\\users\\admin\\anaconda3\\lib\\site-packages (from transformers) (0.33.4)\n",
      "Requirement already satisfied: numpy>=1.17 in c:\\users\\admin\\anaconda3\\lib\\site-packages (from transformers) (1.26.4)\n",
      "Requirement already satisfied: packaging>=20.0 in c:\\users\\admin\\anaconda3\\lib\\site-packages (from transformers) (24.1)\n",
      "Requirement already satisfied: pyyaml>=5.1 in c:\\users\\admin\\anaconda3\\lib\\site-packages (from transformers) (6.0.1)\n",
      "Requirement already satisfied: regex!=2019.12.17 in c:\\users\\admin\\anaconda3\\lib\\site-packages (from transformers) (2024.9.11)\n",
      "Requirement already satisfied: requests in c:\\users\\admin\\anaconda3\\lib\\site-packages (from transformers) (2.32.3)\n",
      "Requirement already satisfied: tokenizers<0.22,>=0.21 in c:\\users\\admin\\anaconda3\\lib\\site-packages (from transformers) (0.21.2)\n",
      "Requirement already satisfied: safetensors>=0.4.3 in c:\\users\\admin\\anaconda3\\lib\\site-packages (from transformers) (0.5.3)\n",
      "Requirement already satisfied: tqdm>=4.27 in c:\\users\\admin\\anaconda3\\lib\\site-packages (from transformers) (4.66.5)\n",
      "Collecting audioread>=2.1.9 (from librosa)\n",
      "  Downloading audioread-3.0.1-py3-none-any.whl.metadata (8.4 kB)\n",
      "Requirement already satisfied: numba>=0.51.0 in c:\\users\\admin\\anaconda3\\lib\\site-packages (from librosa) (0.60.0)\n",
      "Requirement already satisfied: scipy>=1.6.0 in c:\\users\\admin\\anaconda3\\lib\\site-packages (from librosa) (1.13.1)\n",
      "Requirement already satisfied: scikit-learn>=1.1.0 in c:\\users\\admin\\anaconda3\\lib\\site-packages (from librosa) (1.5.1)\n",
      "Requirement already satisfied: joblib>=1.0 in c:\\users\\admin\\anaconda3\\lib\\site-packages (from librosa) (1.4.2)\n",
      "Requirement already satisfied: decorator>=4.3.0 in c:\\users\\admin\\anaconda3\\lib\\site-packages (from librosa) (5.1.1)\n",
      "Collecting pooch>=1.1 (from librosa)\n",
      "  Downloading pooch-1.8.2-py3-none-any.whl.metadata (10 kB)\n",
      "Collecting soxr>=0.3.2 (from librosa)\n",
      "  Downloading soxr-0.5.0.post1-cp312-abi3-win_amd64.whl.metadata (5.6 kB)\n",
      "Requirement already satisfied: lazy_loader>=0.1 in c:\\users\\admin\\anaconda3\\lib\\site-packages (from librosa) (0.4)\n",
      "Requirement already satisfied: msgpack>=1.0 in c:\\users\\admin\\anaconda3\\lib\\site-packages (from librosa) (1.0.3)\n",
      "Requirement already satisfied: cffi>=1.0 in c:\\users\\admin\\anaconda3\\lib\\site-packages (from soundfile) (1.17.1)\n",
      "Requirement already satisfied: pycparser in c:\\users\\admin\\anaconda3\\lib\\site-packages (from cffi>=1.0->soundfile) (2.21)\n",
      "Requirement already satisfied: llvmlite<0.44,>=0.43.0dev0 in c:\\users\\admin\\anaconda3\\lib\\site-packages (from numba>=0.51.0->librosa) (0.43.0)\n",
      "Requirement already satisfied: platformdirs>=2.5.0 in c:\\users\\admin\\anaconda3\\lib\\site-packages (from pooch>=1.1->librosa) (3.10.0)\n",
      "Requirement already satisfied: charset-normalizer<4,>=2 in c:\\users\\admin\\anaconda3\\lib\\site-packages (from requests->transformers) (3.3.2)\n",
      "Requirement already satisfied: idna<4,>=2.5 in c:\\users\\admin\\anaconda3\\lib\\site-packages (from requests->transformers) (3.7)\n",
      "Requirement already satisfied: urllib3<3,>=1.21.1 in c:\\users\\admin\\anaconda3\\lib\\site-packages (from requests->transformers) (2.2.3)\n",
      "Requirement already satisfied: certifi>=2017.4.17 in c:\\users\\admin\\anaconda3\\lib\\site-packages (from requests->transformers) (2025.1.31)\n",
      "Requirement already satisfied: threadpoolctl>=3.1.0 in c:\\users\\admin\\anaconda3\\lib\\site-packages (from scikit-learn>=1.1.0->librosa) (3.5.0)\n",
      "Requirement already satisfied: mpmath<1.4,>=1.1.0 in c:\\users\\admin\\anaconda3\\lib\\site-packages (from sympy>=1.13.3->torch) (1.3.0)\n",
      "Requirement already satisfied: colorama in c:\\users\\admin\\anaconda3\\lib\\site-packages (from tqdm>=4.27->transformers) (0.4.6)\n",
      "Requirement already satisfied: MarkupSafe>=2.0 in c:\\users\\admin\\anaconda3\\lib\\site-packages (from jinja2->torch) (2.1.3)\n",
      "Downloading torchaudio-2.7.1-cp312-cp312-win_amd64.whl (2.5 MB)\n",
      "   ---------------------------------------- 0.0/2.5 MB ? eta -:--:--\n",
      "   ------------------------------------- -- 2.4/2.5 MB 26.9 MB/s eta 0:00:01\n",
      "   ---------------------------------------- 2.5/2.5 MB 15.8 MB/s eta 0:00:00\n",
      "Downloading librosa-0.11.0-py3-none-any.whl (260 kB)\n",
      "Downloading soundfile-0.13.1-py2.py3-none-win_amd64.whl (1.0 MB)\n",
      "   ---------------------------------------- 0.0/1.0 MB ? eta -:--:--\n",
      "   ---------------------------------------- 0.0/1.0 MB ? eta -:--:--\n",
      "   -------------------- ------------------- 0.5/1.0 MB 1.7 MB/s eta 0:00:01\n",
      "   -------------------- ------------------- 0.5/1.0 MB 1.7 MB/s eta 0:00:01\n",
      "   ---------------------------------------- 1.0/1.0 MB 1.4 MB/s eta 0:00:00\n",
      "Downloading audioread-3.0.1-py3-none-any.whl (23 kB)\n",
      "Downloading pooch-1.8.2-py3-none-any.whl (64 kB)\n",
      "Downloading soxr-0.5.0.post1-cp312-abi3-win_amd64.whl (164 kB)\n",
      "Installing collected packages: soxr, audioread, soundfile, pooch, torchaudio, librosa\n",
      "Successfully installed audioread-3.0.1 librosa-0.11.0 pooch-1.8.2 soundfile-0.13.1 soxr-0.5.0.post1 torchaudio-2.7.1\n",
      "Note: you may need to restart the kernel to use updated packages.\n"
     ]
    }
   ],
   "source": [
    "pip install torch torchaudio transformers librosa soundfile\n"
   ]
  },
  {
   "cell_type": "code",
   "execution_count": 1,
   "id": "7c3b5baa-c416-4319-b57a-26429b7c872c",
   "metadata": {},
   "outputs": [
    {
     "data": {
      "application/vnd.jupyter.widget-view+json": {
       "model_id": "dd11fd718b0d4c67bfac7e2e0b1f15cd",
       "version_major": 2,
       "version_minor": 0
      },
      "text/plain": [
       "tokenizer_config.json:   0%|          | 0.00/163 [00:00<?, ?B/s]"
      ]
     },
     "metadata": {},
     "output_type": "display_data"
    },
    {
     "name": "stderr",
     "output_type": "stream",
     "text": [
      "C:\\Users\\Admin\\anaconda3\\Lib\\site-packages\\huggingface_hub\\file_download.py:143: UserWarning: `huggingface_hub` cache-system uses symlinks by default to efficiently store duplicated files but your machine does not support them in C:\\Users\\Admin\\.cache\\huggingface\\hub\\models--facebook--wav2vec2-base-960h. Caching files will still work but in a degraded version that might require more space on your disk. This warning can be disabled by setting the `HF_HUB_DISABLE_SYMLINKS_WARNING` environment variable. For more details, see https://huggingface.co/docs/huggingface_hub/how-to-cache#limitations.\n",
      "To support symlinks on Windows, you either need to activate Developer Mode or to run Python as an administrator. In order to activate developer mode, see this article: https://docs.microsoft.com/en-us/windows/apps/get-started/enable-your-device-for-development\n",
      "  warnings.warn(message)\n"
     ]
    },
    {
     "data": {
      "application/vnd.jupyter.widget-view+json": {
       "model_id": "7bd6cf45d23540dd9b780708d3bafa0e",
       "version_major": 2,
       "version_minor": 0
      },
      "text/plain": [
       "vocab.json:   0%|          | 0.00/291 [00:00<?, ?B/s]"
      ]
     },
     "metadata": {},
     "output_type": "display_data"
    },
    {
     "data": {
      "application/vnd.jupyter.widget-view+json": {
       "model_id": "8971c48ddb6d454f8aececc108c4571c",
       "version_major": 2,
       "version_minor": 0
      },
      "text/plain": [
       "special_tokens_map.json:   0%|          | 0.00/85.0 [00:00<?, ?B/s]"
      ]
     },
     "metadata": {},
     "output_type": "display_data"
    },
    {
     "data": {
      "application/vnd.jupyter.widget-view+json": {
       "model_id": "6e9baac8f6494297b527f57b1794ab91",
       "version_major": 2,
       "version_minor": 0
      },
      "text/plain": [
       "config.json: 0.00B [00:00, ?B/s]"
      ]
     },
     "metadata": {},
     "output_type": "display_data"
    },
    {
     "name": "stderr",
     "output_type": "stream",
     "text": [
      "The tokenizer class you load from this checkpoint is not the same type as the class this function is called from. It may result in unexpected tokenization. \n",
      "The tokenizer class you load from this checkpoint is 'Wav2Vec2CTCTokenizer'. \n",
      "The class this function is called from is 'Wav2Vec2Tokenizer'.\n",
      "C:\\Users\\Admin\\anaconda3\\Lib\\site-packages\\transformers\\models\\wav2vec2\\tokenization_wav2vec2.py:720: FutureWarning: The class `Wav2Vec2Tokenizer` is deprecated and will be removed in version 5 of Transformers. Please use `Wav2Vec2Processor` or `Wav2Vec2CTCTokenizer` instead.\n",
      "  warnings.warn(\n",
      "Xet Storage is enabled for this repo, but the 'hf_xet' package is not installed. Falling back to regular HTTP download. For better performance, install the package with: `pip install huggingface_hub[hf_xet]` or `pip install hf_xet`\n"
     ]
    },
    {
     "data": {
      "application/vnd.jupyter.widget-view+json": {
       "model_id": "968e5af70d58494883d59eaf35478ad6",
       "version_major": 2,
       "version_minor": 0
      },
      "text/plain": [
       "model.safetensors:   0%|          | 0.00/378M [00:00<?, ?B/s]"
      ]
     },
     "metadata": {},
     "output_type": "display_data"
    },
    {
     "name": "stderr",
     "output_type": "stream",
     "text": [
      "Some weights of Wav2Vec2ForCTC were not initialized from the model checkpoint at facebook/wav2vec2-base-960h and are newly initialized: ['wav2vec2.masked_spec_embed']\n",
      "You should probably TRAIN this model on a down-stream task to be able to use it for predictions and inference.\n",
      "C:\\Users\\Admin\\anaconda3\\Lib\\site-packages\\paramiko\\pkey.py:82: CryptographyDeprecationWarning: TripleDES has been moved to cryptography.hazmat.decrepit.ciphers.algorithms.TripleDES and will be removed from this module in 48.0.0.\n",
      "  \"cipher\": algorithms.TripleDES,\n",
      "C:\\Users\\Admin\\anaconda3\\Lib\\site-packages\\paramiko\\transport.py:219: CryptographyDeprecationWarning: Blowfish has been moved to cryptography.hazmat.decrepit.ciphers.algorithms.Blowfish and will be removed from this module in 45.0.0.\n",
      "  \"class\": algorithms.Blowfish,\n",
      "C:\\Users\\Admin\\anaconda3\\Lib\\site-packages\\paramiko\\transport.py:243: CryptographyDeprecationWarning: TripleDES has been moved to cryptography.hazmat.decrepit.ciphers.algorithms.TripleDES and will be removed from this module in 48.0.0.\n",
      "  \"class\": algorithms.TripleDES,\n",
      "C:\\Users\\Admin\\AppData\\Local\\Temp\\ipykernel_11524\\126934388.py:11: UserWarning: PySoundFile failed. Trying audioread instead.\n",
      "  speech, sr = librosa.load(file_path, sr=16000)\n",
      "C:\\Users\\Admin\\anaconda3\\Lib\\site-packages\\librosa\\core\\audio.py:184: FutureWarning: librosa.core.audio.__audioread_load\n",
      "\tDeprecated as of librosa version 0.10.0.\n",
      "\tIt will be removed in librosa version 1.0.\n",
      "  y, sr_native = __audioread_load(path, offset, duration, dtype)\n"
     ]
    },
    {
     "ename": "FileNotFoundError",
     "evalue": "[Errno 2] No such file or directory: 'audio.wav'",
     "output_type": "error",
     "traceback": [
      "\u001b[1;31m---------------------------------------------------------------------------\u001b[0m",
      "\u001b[1;31mLibsndfileError\u001b[0m                           Traceback (most recent call last)",
      "File \u001b[1;32m~\\anaconda3\\Lib\\site-packages\\librosa\\core\\audio.py:176\u001b[0m, in \u001b[0;36mload\u001b[1;34m(path, sr, mono, offset, duration, dtype, res_type)\u001b[0m\n\u001b[0;32m    175\u001b[0m \u001b[38;5;28;01mtry\u001b[39;00m:\n\u001b[1;32m--> 176\u001b[0m     y, sr_native \u001b[38;5;241m=\u001b[39m __soundfile_load(path, offset, duration, dtype)\n\u001b[0;32m    178\u001b[0m \u001b[38;5;28;01mexcept\u001b[39;00m sf\u001b[38;5;241m.\u001b[39mSoundFileRuntimeError \u001b[38;5;28;01mas\u001b[39;00m exc:\n\u001b[0;32m    179\u001b[0m     \u001b[38;5;66;03m# If soundfile failed, try audioread instead\u001b[39;00m\n",
      "File \u001b[1;32m~\\anaconda3\\Lib\\site-packages\\librosa\\core\\audio.py:209\u001b[0m, in \u001b[0;36m__soundfile_load\u001b[1;34m(path, offset, duration, dtype)\u001b[0m\n\u001b[0;32m    207\u001b[0m \u001b[38;5;28;01melse\u001b[39;00m:\n\u001b[0;32m    208\u001b[0m     \u001b[38;5;66;03m# Otherwise, create the soundfile object\u001b[39;00m\n\u001b[1;32m--> 209\u001b[0m     context \u001b[38;5;241m=\u001b[39m sf\u001b[38;5;241m.\u001b[39mSoundFile(path)\n\u001b[0;32m    211\u001b[0m \u001b[38;5;28;01mwith\u001b[39;00m context \u001b[38;5;28;01mas\u001b[39;00m sf_desc:\n",
      "File \u001b[1;32m~\\anaconda3\\Lib\\site-packages\\soundfile.py:690\u001b[0m, in \u001b[0;36mSoundFile.__init__\u001b[1;34m(self, file, mode, samplerate, channels, subtype, endian, format, closefd, compression_level, bitrate_mode)\u001b[0m\n\u001b[0;32m    688\u001b[0m \u001b[38;5;28mself\u001b[39m\u001b[38;5;241m.\u001b[39m_info \u001b[38;5;241m=\u001b[39m _create_info_struct(file, mode, samplerate, channels,\n\u001b[0;32m    689\u001b[0m                                  \u001b[38;5;28mformat\u001b[39m, subtype, endian)\n\u001b[1;32m--> 690\u001b[0m \u001b[38;5;28mself\u001b[39m\u001b[38;5;241m.\u001b[39m_file \u001b[38;5;241m=\u001b[39m \u001b[38;5;28mself\u001b[39m\u001b[38;5;241m.\u001b[39m_open(file, mode_int, closefd)\n\u001b[0;32m    691\u001b[0m \u001b[38;5;28;01mif\u001b[39;00m \u001b[38;5;28mset\u001b[39m(mode)\u001b[38;5;241m.\u001b[39missuperset(\u001b[38;5;124m'\u001b[39m\u001b[38;5;124mr+\u001b[39m\u001b[38;5;124m'\u001b[39m) \u001b[38;5;129;01mand\u001b[39;00m \u001b[38;5;28mself\u001b[39m\u001b[38;5;241m.\u001b[39mseekable():\n\u001b[0;32m    692\u001b[0m     \u001b[38;5;66;03m# Move write position to 0 (like in Python file objects)\u001b[39;00m\n",
      "File \u001b[1;32m~\\anaconda3\\Lib\\site-packages\\soundfile.py:1265\u001b[0m, in \u001b[0;36mSoundFile._open\u001b[1;34m(self, file, mode_int, closefd)\u001b[0m\n\u001b[0;32m   1264\u001b[0m     err \u001b[38;5;241m=\u001b[39m _snd\u001b[38;5;241m.\u001b[39msf_error(file_ptr)\n\u001b[1;32m-> 1265\u001b[0m     \u001b[38;5;28;01mraise\u001b[39;00m LibsndfileError(err, prefix\u001b[38;5;241m=\u001b[39m\u001b[38;5;124m\"\u001b[39m\u001b[38;5;124mError opening \u001b[39m\u001b[38;5;132;01m{0!r}\u001b[39;00m\u001b[38;5;124m: \u001b[39m\u001b[38;5;124m\"\u001b[39m\u001b[38;5;241m.\u001b[39mformat(\u001b[38;5;28mself\u001b[39m\u001b[38;5;241m.\u001b[39mname))\n\u001b[0;32m   1266\u001b[0m \u001b[38;5;28;01mif\u001b[39;00m mode_int \u001b[38;5;241m==\u001b[39m _snd\u001b[38;5;241m.\u001b[39mSFM_WRITE:\n\u001b[0;32m   1267\u001b[0m     \u001b[38;5;66;03m# Due to a bug in libsndfile version <= 1.0.25, frames != 0\u001b[39;00m\n\u001b[0;32m   1268\u001b[0m     \u001b[38;5;66;03m# when opening a named pipe in SFM_WRITE mode.\u001b[39;00m\n\u001b[0;32m   1269\u001b[0m     \u001b[38;5;66;03m# See http://github.com/erikd/libsndfile/issues/77.\u001b[39;00m\n",
      "\u001b[1;31mLibsndfileError\u001b[0m: Error opening 'audio.wav': System error.",
      "\nDuring handling of the above exception, another exception occurred:\n",
      "\u001b[1;31mFileNotFoundError\u001b[0m                         Traceback (most recent call last)",
      "Cell \u001b[1;32mIn[1], line 11\u001b[0m\n\u001b[0;32m      9\u001b[0m \u001b[38;5;66;03m# Load audio\u001b[39;00m\n\u001b[0;32m     10\u001b[0m file_path \u001b[38;5;241m=\u001b[39m \u001b[38;5;124m\"\u001b[39m\u001b[38;5;124maudio.wav\u001b[39m\u001b[38;5;124m\"\u001b[39m\n\u001b[1;32m---> 11\u001b[0m speech, sr \u001b[38;5;241m=\u001b[39m librosa\u001b[38;5;241m.\u001b[39mload(file_path, sr\u001b[38;5;241m=\u001b[39m\u001b[38;5;241m16000\u001b[39m)\n\u001b[0;32m     13\u001b[0m \u001b[38;5;66;03m# Tokenize input\u001b[39;00m\n\u001b[0;32m     14\u001b[0m input_values \u001b[38;5;241m=\u001b[39m tokenizer(speech, return_tensors\u001b[38;5;241m=\u001b[39m\u001b[38;5;124m\"\u001b[39m\u001b[38;5;124mpt\u001b[39m\u001b[38;5;124m\"\u001b[39m, padding\u001b[38;5;241m=\u001b[39m\u001b[38;5;124m\"\u001b[39m\u001b[38;5;124mlongest\u001b[39m\u001b[38;5;124m\"\u001b[39m)\u001b[38;5;241m.\u001b[39minput_values\n",
      "File \u001b[1;32m~\\anaconda3\\Lib\\site-packages\\librosa\\core\\audio.py:184\u001b[0m, in \u001b[0;36mload\u001b[1;34m(path, sr, mono, offset, duration, dtype, res_type)\u001b[0m\n\u001b[0;32m    180\u001b[0m \u001b[38;5;28;01mif\u001b[39;00m \u001b[38;5;28misinstance\u001b[39m(path, (\u001b[38;5;28mstr\u001b[39m, pathlib\u001b[38;5;241m.\u001b[39mPurePath)):\n\u001b[0;32m    181\u001b[0m     warnings\u001b[38;5;241m.\u001b[39mwarn(\n\u001b[0;32m    182\u001b[0m         \u001b[38;5;124m\"\u001b[39m\u001b[38;5;124mPySoundFile failed. Trying audioread instead.\u001b[39m\u001b[38;5;124m\"\u001b[39m, stacklevel\u001b[38;5;241m=\u001b[39m\u001b[38;5;241m2\u001b[39m\n\u001b[0;32m    183\u001b[0m     )\n\u001b[1;32m--> 184\u001b[0m     y, sr_native \u001b[38;5;241m=\u001b[39m __audioread_load(path, offset, duration, dtype)\n\u001b[0;32m    185\u001b[0m \u001b[38;5;28;01melse\u001b[39;00m:\n\u001b[0;32m    186\u001b[0m     \u001b[38;5;28;01mraise\u001b[39;00m exc\n",
      "File \u001b[1;32m~\\anaconda3\\Lib\\site-packages\\decorator.py:232\u001b[0m, in \u001b[0;36mdecorate.<locals>.fun\u001b[1;34m(*args, **kw)\u001b[0m\n\u001b[0;32m    230\u001b[0m \u001b[38;5;28;01mif\u001b[39;00m \u001b[38;5;129;01mnot\u001b[39;00m kwsyntax:\n\u001b[0;32m    231\u001b[0m     args, kw \u001b[38;5;241m=\u001b[39m fix(args, kw, sig)\n\u001b[1;32m--> 232\u001b[0m \u001b[38;5;28;01mreturn\u001b[39;00m caller(func, \u001b[38;5;241m*\u001b[39m(extras \u001b[38;5;241m+\u001b[39m args), \u001b[38;5;241m*\u001b[39m\u001b[38;5;241m*\u001b[39mkw)\n",
      "File \u001b[1;32m~\\anaconda3\\Lib\\site-packages\\librosa\\util\\decorators.py:63\u001b[0m, in \u001b[0;36mdeprecated.<locals>.__wrapper\u001b[1;34m(func, *args, **kwargs)\u001b[0m\n\u001b[0;32m     54\u001b[0m \u001b[38;5;250m\u001b[39m\u001b[38;5;124;03m\"\"\"Warn the user, and then proceed.\"\"\"\u001b[39;00m\n\u001b[0;32m     55\u001b[0m warnings\u001b[38;5;241m.\u001b[39mwarn(\n\u001b[0;32m     56\u001b[0m     \u001b[38;5;124m\"\u001b[39m\u001b[38;5;132;01m{:s}\u001b[39;00m\u001b[38;5;124m.\u001b[39m\u001b[38;5;132;01m{:s}\u001b[39;00m\u001b[38;5;130;01m\\n\u001b[39;00m\u001b[38;5;130;01m\\t\u001b[39;00m\u001b[38;5;124mDeprecated as of librosa version \u001b[39m\u001b[38;5;132;01m{:s}\u001b[39;00m\u001b[38;5;124m.\u001b[39m\u001b[38;5;124m\"\u001b[39m\n\u001b[0;32m     57\u001b[0m     \u001b[38;5;124m\"\u001b[39m\u001b[38;5;130;01m\\n\u001b[39;00m\u001b[38;5;130;01m\\t\u001b[39;00m\u001b[38;5;124mIt will be removed in librosa version \u001b[39m\u001b[38;5;132;01m{:s}\u001b[39;00m\u001b[38;5;124m.\u001b[39m\u001b[38;5;124m\"\u001b[39m\u001b[38;5;241m.\u001b[39mformat(\n\u001b[1;32m   (...)\u001b[0m\n\u001b[0;32m     61\u001b[0m     stacklevel\u001b[38;5;241m=\u001b[39m\u001b[38;5;241m3\u001b[39m,  \u001b[38;5;66;03m# Would be 2, but the decorator adds a level\u001b[39;00m\n\u001b[0;32m     62\u001b[0m )\n\u001b[1;32m---> 63\u001b[0m \u001b[38;5;28;01mreturn\u001b[39;00m func(\u001b[38;5;241m*\u001b[39margs, \u001b[38;5;241m*\u001b[39m\u001b[38;5;241m*\u001b[39mkwargs)\n",
      "File \u001b[1;32m~\\anaconda3\\Lib\\site-packages\\librosa\\core\\audio.py:240\u001b[0m, in \u001b[0;36m__audioread_load\u001b[1;34m(path, offset, duration, dtype)\u001b[0m\n\u001b[0;32m    237\u001b[0m     reader \u001b[38;5;241m=\u001b[39m path\n\u001b[0;32m    238\u001b[0m \u001b[38;5;28;01melse\u001b[39;00m:\n\u001b[0;32m    239\u001b[0m     \u001b[38;5;66;03m# If the input was not an audioread object, try to open it\u001b[39;00m\n\u001b[1;32m--> 240\u001b[0m     reader \u001b[38;5;241m=\u001b[39m audioread\u001b[38;5;241m.\u001b[39maudio_open(path)\n\u001b[0;32m    242\u001b[0m \u001b[38;5;28;01mwith\u001b[39;00m reader \u001b[38;5;28;01mas\u001b[39;00m input_file:\n\u001b[0;32m    243\u001b[0m     sr_native \u001b[38;5;241m=\u001b[39m input_file\u001b[38;5;241m.\u001b[39msamplerate\n",
      "File \u001b[1;32m~\\anaconda3\\Lib\\site-packages\\audioread\\__init__.py:127\u001b[0m, in \u001b[0;36maudio_open\u001b[1;34m(path, backends)\u001b[0m\n\u001b[0;32m    125\u001b[0m \u001b[38;5;28;01mfor\u001b[39;00m BackendClass \u001b[38;5;129;01min\u001b[39;00m backends:\n\u001b[0;32m    126\u001b[0m     \u001b[38;5;28;01mtry\u001b[39;00m:\n\u001b[1;32m--> 127\u001b[0m         \u001b[38;5;28;01mreturn\u001b[39;00m BackendClass(path)\n\u001b[0;32m    128\u001b[0m     \u001b[38;5;28;01mexcept\u001b[39;00m DecodeError:\n\u001b[0;32m    129\u001b[0m         \u001b[38;5;28;01mpass\u001b[39;00m\n",
      "File \u001b[1;32m~\\anaconda3\\Lib\\site-packages\\audioread\\rawread.py:59\u001b[0m, in \u001b[0;36mRawAudioFile.__init__\u001b[1;34m(self, filename)\u001b[0m\n\u001b[0;32m     58\u001b[0m \u001b[38;5;28;01mdef\u001b[39;00m \u001b[38;5;21m__init__\u001b[39m(\u001b[38;5;28mself\u001b[39m, filename):\n\u001b[1;32m---> 59\u001b[0m     \u001b[38;5;28mself\u001b[39m\u001b[38;5;241m.\u001b[39m_fh \u001b[38;5;241m=\u001b[39m \u001b[38;5;28mopen\u001b[39m(filename, \u001b[38;5;124m'\u001b[39m\u001b[38;5;124mrb\u001b[39m\u001b[38;5;124m'\u001b[39m)\n\u001b[0;32m     61\u001b[0m     \u001b[38;5;28;01mtry\u001b[39;00m:\n\u001b[0;32m     62\u001b[0m         \u001b[38;5;28mself\u001b[39m\u001b[38;5;241m.\u001b[39m_file \u001b[38;5;241m=\u001b[39m aifc\u001b[38;5;241m.\u001b[39mopen(\u001b[38;5;28mself\u001b[39m\u001b[38;5;241m.\u001b[39m_fh)\n",
      "\u001b[1;31mFileNotFoundError\u001b[0m: [Errno 2] No such file or directory: 'audio.wav'"
     ]
    }
   ],
   "source": [
    "import torch\n",
    "import librosa\n",
    "from transformers import Wav2Vec2ForCTC, Wav2Vec2Tokenizer\n",
    "\n",
    "# Load pre-trained model and tokenizer\n",
    "tokenizer = Wav2Vec2Tokenizer.from_pretrained(\"facebook/wav2vec2-base-960h\")\n",
    "model = Wav2Vec2ForCTC.from_pretrained(\"facebook/wav2vec2-base-960h\")\n",
    "\n",
    "# Load audio\n",
    "file_path = \"audio.wav\"\n",
    "speech, sr = librosa.load(file_path, sr=16000)\n",
    "\n",
    "# Tokenize input\n",
    "input_values = tokenizer(speech, return_tensors=\"pt\", padding=\"longest\").input_values\n",
    "\n",
    "# Forward pass\n",
    "with torch.no_grad():\n",
    "    logits = model(input_values).logits\n",
    "\n",
    "# Get predicted ids\n",
    "predicted_ids = torch.argmax(logits, dim=-1)\n",
    "\n",
    "# Decode into text\n",
    "transcription = tokenizer.batch_decode(predicted_ids)[0]\n",
    "print(\"Transcribed Text: \", transcription)\n"
   ]
  },
  {
   "cell_type": "code",
   "execution_count": null,
   "id": "d6ebe111-8f31-4826-ab03-8dfec8e8c8c0",
   "metadata": {},
   "outputs": [],
   "source": []
  }
 ],
 "metadata": {
  "kernelspec": {
   "display_name": "Python [conda env:base] *",
   "language": "python",
   "name": "conda-base-py"
  },
  "language_info": {
   "codemirror_mode": {
    "name": "ipython",
    "version": 3
   },
   "file_extension": ".py",
   "mimetype": "text/x-python",
   "name": "python",
   "nbconvert_exporter": "python",
   "pygments_lexer": "ipython3",
   "version": "3.12.7"
  }
 },
 "nbformat": 4,
 "nbformat_minor": 5
}
